<?xml version="1.0" encoding="UTF-8"?>
<coverage generated="1717949495301" clover="3.2.0">
  <project timestamp="1717949495301" name="All files">
    <metrics statements="6" coveredstatements="6" conditionals="8" coveredconditionals="8" methods="3" coveredmethods="3" elements="17" coveredelements="17" complexity="0" loc="6" ncloc="6" packages="1" files="2" classes="2"/>
    <file name="heroes.js" path="C:\Users\xotab\OneDrive\Рабочий стол\new_test\test\heroes.js">
      <metrics statements="5" coveredstatements="5" conditionals="6" coveredconditionals="6" methods="1" coveredmethods="1"/>
      <line num="2" count="3" type="cond" truecount="2" falsecount="0"/>
      <line num="3" count="1" type="stmt"/>
      <line num="5" count="2" type="cond" truecount="4" falsecount="0"/>
      <line num="6" count="1" type="stmt"/>
      <line num="9" count="1" type="stmt"/>
    </file>
    <file name="matchers.js" path="C:\Users\xotab\OneDrive\Рабочий стол\new_test\test\matchers.js">
      <metrics statements="1" coveredstatements="1" conditionals="2" coveredconditionals="2" methods="2" coveredmethods="2"/>
      <line num="2" count="4" type="cond" truecount="2" falsecount="0"/>
    </file>
  </project>
</coverage>
